CRITICAL - 2025-07-29 21:23:41 --> CodeIgniter\View\Exceptions\ViewException: Invalid file: "institutions/info_widgets/index.php"
[Method: GET, Route: dashboard/institution_default_dashboard]
in SYSTEMPATH/Exceptions/FrameworkException.php on line 41.
 1 SYSTEMPATH/View/View.php(222): CodeIgniter\Exceptions\FrameworkException::forInvalidFile('institutions/info_widgets/index.php')
 2 SYSTEMPATH/Common.php(1171): CodeIgniter\View\View->render('institutions/info_widgets/index', [], true)
 3 APPPATH/Views/dashboards/client_dashboard.php(14): view('institutions/info_widgets/index')
 4 SYSTEMPATH/View/View.php(234): include('/Applications/MAMP/htdocs/final_year_pproject/app/Views/dashboards/client_dashboard.php')
 5 SYSTEMPATH/View/View.php(237): CodeIgniter\View\View->CodeIgniter\View\{closure}()
 6 SYSTEMPATH/Common.php(1171): CodeIgniter\View\View->render('dashboards/client_dashboard', [], true)
 7 APPPATH/Libraries/Template.php(38): view('dashboards/client_dashboard', [...])
 8 APPPATH/Controllers/Dashboard.php(1328): App\Libraries\Template->view('dashboards/client_dashboard', [...])
 9 APPPATH/Controllers/Dashboard.php(1295): App\Controllers\Dashboard->_get_client_dashboard([...], true)
10 SYSTEMPATH/CodeIgniter.php(933): App\Controllers\Dashboard->client_default_dashboard()
11 SYSTEMPATH/CodeIgniter.php(509): CodeIgniter\CodeIgniter->runController(Object(App\Controllers\Dashboard))
12 SYSTEMPATH/CodeIgniter.php(355): CodeIgniter\CodeIgniter->handleRequest(null, Object(Config\Cache), false)
13 SYSTEMPATH/Boot.php(334): CodeIgniter\CodeIgniter->run()
14 SYSTEMPATH/Boot.php(67): CodeIgniter\Boot::runCodeIgniter(Object(CodeIgniter\CodeIgniter))
15 FCPATH/index.php(75): CodeIgniter\Boot::bootWeb(Object(Config\Paths))
CRITICAL - 2025-07-29 21:33:38 --> CodeIgniter\View\Exceptions\ViewException: Invalid file: "institutions/projects/index.php"
[Method: GET, Route: dashboard/institution_default_dashboard]
in SYSTEMPATH/Exceptions/FrameworkException.php on line 41.
 1 SYSTEMPATH/View/View.php(222): CodeIgniter\Exceptions\FrameworkException::forInvalidFile('institutions/projects/index.php')
 2 SYSTEMPATH/Common.php(1171): CodeIgniter\View\View->render('institutions/projects/index', [], true)
 3 APPPATH/Views/dashboards/client_dashboard.php(19): view('institutions/projects/index')
 4 SYSTEMPATH/View/View.php(234): include('/Applications/MAMP/htdocs/final_year_pproject/app/Views/dashboards/client_dashboard.php')
 5 SYSTEMPATH/View/View.php(237): CodeIgniter\View\View->CodeIgniter\View\{closure}()
 6 SYSTEMPATH/Common.php(1171): CodeIgniter\View\View->render('dashboards/client_dashboard', [], true)
 7 APPPATH/Libraries/Template.php(38): view('dashboards/client_dashboard', [...])
 8 APPPATH/Controllers/Dashboard.php(1328): App\Libraries\Template->view('dashboards/client_dashboard', [...])
 9 APPPATH/Controllers/Dashboard.php(1295): App\Controllers\Dashboard->_get_client_dashboard([...], true)
10 SYSTEMPATH/CodeIgniter.php(933): App\Controllers\Dashboard->client_default_dashboard()
11 SYSTEMPATH/CodeIgniter.php(509): CodeIgniter\CodeIgniter->runController(Object(App\Controllers\Dashboard))
12 SYSTEMPATH/CodeIgniter.php(355): CodeIgniter\CodeIgniter->handleRequest(null, Object(Config\Cache), false)
13 SYSTEMPATH/Boot.php(334): CodeIgniter\CodeIgniter->run()
14 SYSTEMPATH/Boot.php(67): CodeIgniter\Boot::runCodeIgniter(Object(CodeIgniter\CodeIgniter))
15 FCPATH/index.php(75): CodeIgniter\Boot::bootWeb(Object(Config\Paths))
CRITICAL - 2025-07-29 22:07:02 --> CodeIgniter\View\Exceptions\ViewException: Invalid file: "institutions/info_widgets/index.php"
[Method: GET, Route: dashboard/client_default_dashboard]
in SYSTEMPATH/Exceptions/FrameworkException.php on line 41.
 1 SYSTEMPATH/View/View.php(222): CodeIgniter\Exceptions\FrameworkException::forInvalidFile('institutions/info_widgets/index.php')
 2 SYSTEMPATH/Common.php(1171): CodeIgniter\View\View->render('institutions/info_widgets/index', [], true)
 3 APPPATH/Views/dashboards/client_dashboard.php(14): view('institutions/info_widgets/index')
 4 SYSTEMPATH/View/View.php(234): include('/Applications/MAMP/htdocs/final_year_pproject/app/Views/dashboards/client_dashboard.php')
 5 SYSTEMPATH/View/View.php(237): CodeIgniter\View\View->CodeIgniter\View\{closure}()
 6 SYSTEMPATH/Common.php(1171): CodeIgniter\View\View->render('dashboards/client_dashboard', [], true)
 7 APPPATH/Libraries/Template.php(38): view('dashboards/client_dashboard', [...])
 8 APPPATH/Controllers/Dashboard.php(1328): App\Libraries\Template->view('dashboards/client_dashboard', [...])
 9 APPPATH/Controllers/Dashboard.php(1295): App\Controllers\Dashboard->_get_client_dashboard([...], true)
10 SYSTEMPATH/CodeIgniter.php(933): App\Controllers\Dashboard->client_default_dashboard()
11 SYSTEMPATH/CodeIgniter.php(509): CodeIgniter\CodeIgniter->runController(Object(App\Controllers\Dashboard))
12 SYSTEMPATH/CodeIgniter.php(355): CodeIgniter\CodeIgniter->handleRequest(null, Object(Config\Cache), false)
13 SYSTEMPATH/Boot.php(334): CodeIgniter\CodeIgniter->run()
14 SYSTEMPATH/Boot.php(67): CodeIgniter\Boot::runCodeIgniter(Object(CodeIgniter\CodeIgniter))
15 FCPATH/index.php(75): CodeIgniter\Boot::bootWeb(Object(Config\Paths))
CRITICAL - 2025-07-29 22:07:15 --> CodeIgniter\View\Exceptions\ViewException: Invalid file: "institutions/projects/index.php"
[Method: GET, Route: dashboard/client_default_dashboard]
in SYSTEMPATH/Exceptions/FrameworkException.php on line 41.
 1 SYSTEMPATH/View/View.php(222): CodeIgniter\Exceptions\FrameworkException::forInvalidFile('institutions/projects/index.php')
 2 SYSTEMPATH/Common.php(1171): CodeIgniter\View\View->render('institutions/projects/index', [], true)
 3 APPPATH/Views/dashboards/client_dashboard.php(19): view('institutions/projects/index')
 4 SYSTEMPATH/View/View.php(234): include('/Applications/MAMP/htdocs/final_year_pproject/app/Views/dashboards/client_dashboard.php')
 5 SYSTEMPATH/View/View.php(237): CodeIgniter\View\View->CodeIgniter\View\{closure}()
 6 SYSTEMPATH/Common.php(1171): CodeIgniter\View\View->render('dashboards/client_dashboard', [], true)
 7 APPPATH/Libraries/Template.php(38): view('dashboards/client_dashboard', [...])
 8 APPPATH/Controllers/Dashboard.php(1328): App\Libraries\Template->view('dashboards/client_dashboard', [...])
 9 APPPATH/Controllers/Dashboard.php(1295): App\Controllers\Dashboard->_get_client_dashboard([...], true)
10 SYSTEMPATH/CodeIgniter.php(933): App\Controllers\Dashboard->client_default_dashboard()
11 SYSTEMPATH/CodeIgniter.php(509): CodeIgniter\CodeIgniter->runController(Object(App\Controllers\Dashboard))
12 SYSTEMPATH/CodeIgniter.php(355): CodeIgniter\CodeIgniter->handleRequest(null, Object(Config\Cache), false)
13 SYSTEMPATH/Boot.php(334): CodeIgniter\CodeIgniter->run()
14 SYSTEMPATH/Boot.php(67): CodeIgniter\Boot::runCodeIgniter(Object(CodeIgniter\CodeIgniter))
15 FCPATH/index.php(75): CodeIgniter\Boot::bootWeb(Object(Config\Paths))
CRITICAL - 2025-07-29 22:07:23 --> CodeIgniter\View\Exceptions\ViewException: Invalid file: "institutions/projects/index.php"
[Method: GET, Route: dashboard/client_default_dashboard]
in SYSTEMPATH/Exceptions/FrameworkException.php on line 41.
 1 SYSTEMPATH/View/View.php(222): CodeIgniter\Exceptions\FrameworkException::forInvalidFile('institutions/projects/index.php')
 2 SYSTEMPATH/Common.php(1171): CodeIgniter\View\View->render('institutions/projects/index', [], true)
 3 APPPATH/Views/dashboards/client_dashboard.php(19): view('institutions/projects/index')
 4 SYSTEMPATH/View/View.php(234): include('/Applications/MAMP/htdocs/final_year_pproject/app/Views/dashboards/client_dashboard.php')
 5 SYSTEMPATH/View/View.php(237): CodeIgniter\View\View->CodeIgniter\View\{closure}()
 6 SYSTEMPATH/Common.php(1171): CodeIgniter\View\View->render('dashboards/client_dashboard', [], true)
 7 APPPATH/Libraries/Template.php(38): view('dashboards/client_dashboard', [...])
 8 APPPATH/Controllers/Dashboard.php(1328): App\Libraries\Template->view('dashboards/client_dashboard', [...])
 9 APPPATH/Controllers/Dashboard.php(1295): App\Controllers\Dashboard->_get_client_dashboard([...], true)
10 SYSTEMPATH/CodeIgniter.php(933): App\Controllers\Dashboard->client_default_dashboard()
11 SYSTEMPATH/CodeIgniter.php(509): CodeIgniter\CodeIgniter->runController(Object(App\Controllers\Dashboard))
12 SYSTEMPATH/CodeIgniter.php(355): CodeIgniter\CodeIgniter->handleRequest(null, Object(Config\Cache), false)
13 SYSTEMPATH/Boot.php(334): CodeIgniter\CodeIgniter->run()
14 SYSTEMPATH/Boot.php(67): CodeIgniter\Boot::runCodeIgniter(Object(CodeIgniter\CodeIgniter))
15 FCPATH/index.php(75): CodeIgniter\Boot::bootWeb(Object(Config\Paths))
